2024-05-13 21:51:58 Arduino IDE 2.3.2
2024-05-13 21:51:58 Checking for frontend application configuration customizations. Module path: /opt/arduino-ide/resources/app/lib/backend/electron-main.js, destination 'package.json': /opt/arduino-ide/resources/app/package.json
2024-05-13 21:51:58 Setting 'theia.frontend.config.appVersion' application configuration value to: "2.3.2" (type of string)
2024-05-13 21:51:58 Setting 'theia.frontend.config.cliVersion' application configuration value to: "0.35.3" (type of string)
2024-05-13 21:51:58 Setting 'theia.frontend.config.buildDate' application configuration value to: "2024-02-20T09:54:08.669Z" (type of string)
2024-05-13 21:51:58 Frontend application configuration after modifications: {"applicationName":"Arduino IDE","defaultTheme":{"light":"arduino-theme","dark":"arduino-theme-dark"},"defaultIconTheme":"none","electron":{"windowOptions":{}},"defaultLocale":"","validatePreferencesSchema":false,"preferences":{"window.title":"${rootName}${activeEditorShort}${appName}","files.autoSave":"afterDelay","editor.minimap.enabled":false,"editor.tabSize":2,"editor.scrollBeyondLastLine":false,"editor.quickSuggestions":{"other":false,"comments":false,"strings":false},"editor.maxTokenizationLineLength":500,"editor.bracketPairColorization.enabled":false,"breadcrumbs.enabled":false,"workbench.tree.renderIndentGuides":"none","explorer.compactFolders":false},"appVersion":"2.3.2","cliVersion":"0.35.3","buildDate":"2024-02-20T09:54:08.669Z"}
2024-05-13 21:51:58 Starting backend process. PID: 14567
2024-05-13 21:51:59 Using browser-only version of superagent in non-browser environment
2024-05-13 21:51:59 Configuration directory URI: 'file:///home/vladimir/.arduinoIDE'
2024-05-13 21:51:59 Configuring to accept webviews on '^.+\.webview\..+$' hostname.
2024-05-13 21:51:59 2024-05-13T18:51:59.223Z root INFO Backend Object.initialize: 7.4 ms [Finished 0.694 s after backend start]
2024-05-13 21:51:59 2024-05-13T18:51:59.224Z root INFO Backend Object.configure: 6.0 ms [Finished 0.694 s after backend start]
2024-05-13 21:51:59 2024-05-13T18:51:59.224Z root INFO Backend s.onStart: 3.4 ms [Finished 0.694 s after backend start]
2024-05-13 21:51:59 2024-05-13T18:51:59.224Z root INFO Backend s.configure: 0.5 ms [Finished 0.729 s after backend start]
2024-05-13 21:51:59 2024-05-13T18:51:59.225Z root INFO Backend d.onStart: 0.3 ms [Finished 0.729 s after backend start]
2024-05-13 21:51:59 2024-05-13T18:51:59.227Z root INFO Backend d.configure: 0.1 ms [Finished 0.729 s after backend start]
2024-05-13 21:51:59 2024-05-13T18:51:59.228Z root INFO Backend d.initialize: 34.8 ms [Finished 0.730 s after backend start]
2024-05-13 21:51:59 2024-05-13T18:51:59.228Z root INFO Backend c.onStart: 0.4 ms [Finished 0.730 s after backend start]
2024-05-13 21:51:59 2024-05-13T18:51:59.229Z root INFO Backend a.configure: 0.8 ms [Finished 0.731 s after backend start]
2024-05-13 21:51:59 2024-05-13T18:51:59.231Z config INFO >>> Initializing CLI configuration...
2024-05-13 21:51:59 2024-05-13T18:51:59.231Z root INFO Backend c.initialize: 0.8 ms [Finished 0.731 s after backend start]
2024-05-13 21:51:59 2024-05-13T18:51:59.231Z root INFO Backend R.onStart: 1.0 ms [Finished 0.732 s after backend start]
2024-05-13 21:51:59 2024-05-13T18:51:59.232Z config INFO Loading CLI configuration from /home/vladimir/.arduinoIDE/arduino-cli.yaml...
2024-05-13 21:51:59 2024-05-13T18:51:59.233Z daemon INFO Starting daemon from /opt/arduino-ide/resources/app/lib/backend/resources/arduino-cli...
2024-05-13 21:51:59 2024-05-13T18:51:59.233Z root INFO Backend a.initialize: 0.7 ms [Finished 0.733 s after backend start]
2024-05-13 21:51:59 2024-05-13T18:51:59.233Z root INFO Backend w.onStart: 1.8 ms [Finished 0.735 s after backend start]
2024-05-13 21:51:59 2024-05-13T18:51:59.233Z root INFO Backend r.configure: 3.2 ms [Finished 0.735 s after backend start]
2024-05-13 21:51:59 2024-05-13T18:51:59.233Z discovery-log INFO start
2024-05-13 21:51:59 2024-05-13T18:51:59.233Z discovery-log INFO start new deferred
2024-05-13 21:51:59 2024-05-13T18:51:59.233Z root INFO Backend d.initialize: 0.7 ms [Finished 0.736 s after backend start]
2024-05-13 21:51:59 2024-05-13T18:51:59.233Z root INFO Backend y.onStart: 2.7 ms [Finished 0.738 s after backend start]
2024-05-13 21:51:59 2024-05-13T18:51:59.233Z root INFO Backend r.configure: 2.2 ms [Finished 0.738 s after backend start]
2024-05-13 21:51:59 2024-05-13T18:51:59.233Z root INFO Backend a.onStart: 0.5 ms [Finished 0.739 s after backend start]
2024-05-13 21:51:59 2024-05-13T18:51:59.233Z root INFO Backend h.configure: 0.5 ms [Finished 0.740 s after backend start]
2024-05-13 21:51:59 2024-05-13T18:51:59.233Z root INFO Backend s.configure: 0.1 ms [Finished 0.740 s after backend start]
2024-05-13 21:51:59 2024-05-13T18:51:59.233Z root INFO Backend l.configure: 0.1 ms [Finished 0.740 s after backend start]
2024-05-13 21:51:59 2024-05-13T18:51:59.235Z root INFO Theia app listening on http://127.0.0.1:35419.
2024-05-13 21:51:59 2024-05-13T18:51:59.235Z root INFO Finished starting backend application: 2.4 ms [Finished 0.742 s after backend start]
2024-05-13 21:51:59 2024-05-13T18:51:59.258Z root WARN The local plugin referenced by local-dir:/home/vladimir/.arduinoIDE/plugins does not exist.
2024-05-13 21:51:59 2024-05-13T18:51:59.258Z root WARN The local plugin referenced by local-dir:/home/vladimir/.arduinoIDE/extensions does not exist.
2024-05-13 21:51:59 2024-05-13T18:51:59.280Z daemon INFO time="2024-05-13T21:51:59+03:00" level=info msg="Using config file: /home/vladimir/.arduinoIDE/arduino-cli.yaml"
time="2024-05-13T21:51:59+03:00" level=info msg="arduino-cli version 0.35.3"
time="2024-05-13T21:51:59+03:00" level=info msg="Executing `arduino-cli daemon`"
Daemon is now listening on 127.0.0.1:35533
{"IP":"127.0.0.1","Port":"35533"}
2024-05-13 21:51:59 2024-05-13T18:51:59.280Z daemon INFO Daemon is running.
2024-05-13 21:51:59 2024-05-13T18:51:59.280Z config INFO Loading CLI configuration from /home/vladimir/.arduinoIDE/arduino-cli.yaml...
2024-05-13 21:51:59 2024-05-13T18:51:59.304Z config INFO Loaded CLI configuration: {"board_manager":{"additional_urls":[]},"build_cache":{"compilations_before_purge":10,"ttl":"720h0m0s"},"daemon":{"port":"50051"},"directories":{"data":"/home/vladimir/.arduino15","downloads":"/home/vladimir/.arduino15/staging","user":"/home/vladimir/Arduino"},"library":{"enable_unsafe_install":false},"logging":{"file":"","format":"text","level":"info"},"metrics":{"addr":":9090","enabled":true},"output":{"no_color":false},"sketch":{"always_export_binaries":false},"updater":{"enable_notification":true}}
2024-05-13 21:51:59 2024-05-13T18:51:59.304Z config INFO 'directories.data' and 'directories.user' are set in the CLI configuration model.
2024-05-13 21:51:59 2024-05-13T18:51:59.304Z config INFO Loaded the CLI configuration.
2024-05-13 21:51:59 2024-05-13T18:51:59.304Z config INFO Mapped the CLI configuration: {"dataDirUri":"file:///home/vladimir/.arduino15","sketchDirUri":"file:///home/vladimir/Arduino","additionalUrls":[],"network":"none","locale":"en"}
2024-05-13 21:51:59 2024-05-13T18:51:59.304Z config INFO Validating the CLI configuration...
2024-05-13 21:51:59 2024-05-13T18:51:59.308Z config INFO The CLI config is valid.
2024-05-13 21:51:59 2024-05-13T18:51:59.308Z config INFO <<< Initialized the CLI configuration.
2024-05-13 21:51:59 2024-05-13T18:51:59.318Z daemon INFO time="2024-05-13T21:51:59+03:00" level=info msg="Updating libraries index"
2024-05-13 21:51:59 2024-05-13T18:51:59.319Z daemon INFO time="2024-05-13T21:51:59+03:00" level=info msg="Starting download" url="https://downloads.arduino.cc/libraries/library_index.tar.bz2"
2024-05-13 21:51:59 2024-05-13T18:51:59.329Z root INFO Resolve plugins list: 96.9 ms [Finished 0.835 s after backend start]
2024-05-13 21:52:00 2024-05-13T18:52:00.629Z root INFO Deploy plugins list: 96.9 ms [Finished 2.136 s after backend start]
2024-05-13 21:52:01 Opening channel for service path '/services/electron-window'.
2024-05-13 21:52:01 Opening channel for service path '/services/ide-updater'.
2024-05-13 21:52:01 2024-05-13T18:52:01.699Z root WARN Frontend a.configure took longer than the expected maximum 100 milliseconds: 291.6 ms [Finished 2.307 s after frontend start]
2024-05-13 21:52:01 2024-05-13T18:52:01.710Z root WARN A command editor.action.toggleStickyScroll is already registered.
2024-05-13 21:52:02 2024-05-13T18:52:02.979Z daemon INFO time="2024-05-13T21:52:02+03:00" level=info msg="Updating index" url="https://downloads.arduino.cc/packages/package_index.tar.bz2"
2024-05-13 21:52:02 2024-05-13T18:52:02.979Z daemon INFO time="2024-05-13T21:52:02+03:00" level=info msg="Starting download" url="https://downloads.arduino.cc/packages/package_index.tar.bz2"
2024-05-13 21:52:03 2024-05-13T18:52:03.536Z daemon INFO time="2024-05-13T21:52:03+03:00" level=info msg="Checking signature" index=/home/vladimir/.arduino15/package_index.json signatureFile=/home/vladimir/.arduino15/package_index.json.sig trusted=true
2024-05-13 21:52:03 2024-05-13T18:52:03.538Z daemon INFO time="2024-05-13T21:52:03+03:00" level=info msg="Loading hardware from: /home/vladimir/.arduino15/packages"
2024-05-13 21:52:03 2024-05-13T18:52:03.538Z daemon INFO time="2024-05-13T21:52:03+03:00" level=info msg="Starting download" url="https://downloads.arduino.cc/tools/ctags-5.8-arduino11-pm-x86_64-pc-linux-gnu.tar.bz2"
2024-05-13 21:52:04 2024-05-13T18:52:04.217Z daemon INFO time="2024-05-13T21:52:04+03:00" level=info msg="Installing tool" Tool="builtin:ctags@5.8-arduino11"
2024-05-13 21:52:04 2024-05-13T18:52:04.240Z daemon INFO time="2024-05-13T21:52:04+03:00" level=info msg="Skipping tool configuration." Tool="builtin:ctags@5.8-arduino11"
time="2024-05-13T21:52:04+03:00" level=info msg="Tool installed" Tool="builtin:ctags@5.8-arduino11"
2024-05-13 21:52:04 2024-05-13T18:52:04.240Z daemon INFO time="2024-05-13T21:52:04+03:00" level=info msg="Starting download" url="https://downloads.arduino.cc/discovery/dfu-discovery/dfu-discovery_v0.1.2_Linux_64bit.tar.gz"
2024-05-13 21:52:05 2024-05-13T18:52:05.509Z daemon INFO time="2024-05-13T21:52:05+03:00" level=info msg="Installing tool" Tool="builtin:dfu-discovery@0.1.2"
2024-05-13 21:52:05 2024-05-13T18:52:05.545Z daemon INFO time="2024-05-13T21:52:05+03:00" level=info msg="Skipping tool configuration." Tool="builtin:dfu-discovery@0.1.2"
time="2024-05-13T21:52:05+03:00" level=info msg="Tool installed" Tool="builtin:dfu-discovery@0.1.2"
2024-05-13 21:52:05 2024-05-13T18:52:05.545Z daemon INFO time="2024-05-13T21:52:05+03:00" level=info msg="Starting download" url="https://downloads.arduino.cc/discovery/mdns-discovery/mdns-discovery_v1.0.9_Linux_64bit.tar.gz"
2024-05-13 21:52:08 2024-05-13T18:52:08.010Z daemon INFO time="2024-05-13T21:52:08+03:00" level=info msg="Installing tool" Tool="builtin:mdns-discovery@1.0.9"
2024-05-13 21:52:08 2024-05-13T18:52:08.054Z daemon INFO time="2024-05-13T21:52:08+03:00" level=info msg="Skipping tool configuration." Tool="builtin:mdns-discovery@1.0.9"
time="2024-05-13T21:52:08+03:00" level=info msg="Tool installed" Tool="builtin:mdns-discovery@1.0.9"
2024-05-13 21:52:08 2024-05-13T18:52:08.055Z daemon INFO time="2024-05-13T21:52:08+03:00" level=info msg="Starting download" url="https://downloads.arduino.cc/discovery/serial-discovery/serial-discovery_v1.4.0_Linux_64bit.tar.gz"
2024-05-13 21:52:09 2024-05-13T18:52:09.425Z daemon INFO time="2024-05-13T21:52:09+03:00" level=info msg="Installing tool" Tool="builtin:serial-discovery@1.4.0"
2024-05-13 21:52:09 2024-05-13T18:52:09.461Z daemon INFO time="2024-05-13T21:52:09+03:00" level=info msg="Skipping tool configuration." Tool="builtin:serial-discovery@1.4.0"
time="2024-05-13T21:52:09+03:00" level=info msg="Tool installed" Tool="builtin:serial-discovery@1.4.0"
2024-05-13 21:52:09 2024-05-13T18:52:09.461Z daemon INFO time="2024-05-13T21:52:09+03:00" level=info msg="Starting download" url="https://downloads.arduino.cc/monitor/serial-monitor/serial-monitor_v0.14.1_Linux_64bit.tar.gz"
2024-05-13 21:52:11 2024-05-13T18:52:11.343Z daemon INFO time="2024-05-13T21:52:11+03:00" level=info msg="Installing tool" Tool="builtin:serial-monitor@0.14.1"
2024-05-13 21:52:11 2024-05-13T18:52:11.380Z daemon INFO time="2024-05-13T21:52:11+03:00" level=info msg="Skipping tool configuration." Tool="builtin:serial-monitor@0.14.1"
time="2024-05-13T21:52:11+03:00" level=info msg="Tool installed" Tool="builtin:serial-monitor@0.14.1"
2024-05-13 21:52:11 2024-05-13T18:52:11.380Z daemon INFO time="2024-05-13T21:52:11+03:00" level=info msg="Loading tools from dir: /home/vladimir/.arduino15/packages/builtin/tools"
time="2024-05-13T21:52:11+03:00" level=info msg="Loaded tool" tool="builtin:ctags@5.8-arduino11"
time="2024-05-13T21:52:11+03:00" level=info msg="Loaded tool" tool="builtin:dfu-discovery@0.1.2"
time="2024-05-13T21:52:11+03:00" level=info msg="Loaded tool" tool="builtin:mdns-discovery@1.0.9"
time="2024-05-13T21:52:11+03:00" level=info msg="Loaded tool" tool="builtin:serial-discovery@1.4.0"
time="2024-05-13T21:52:11+03:00" level=info msg="Loaded tool" tool="builtin:serial-monitor@0.14.1"
time="2024-05-13T21:52:11+03:00" level=info msg="Loading libraries index file" index=/home/vladimir/.arduino15/library_index.json
2024-05-13 21:52:11 2024-05-13T18:52:11.694Z daemon INFO time="2024-05-13T21:52:11+03:00" level=info msg="Adding libraries dir" dir=/home/vladimir/.arduino15/libraries location=ide
2024-05-13 21:52:11 2024-05-13T18:52:11.694Z daemon INFO time="2024-05-13T21:52:11+03:00" level=info msg="Adding libraries dir" dir=/home/vladimir/Arduino/libraries location=user
2024-05-13 21:52:11 2024-05-13T18:52:11.701Z discovery-log INFO start resolved watching
2024-05-13 21:52:11 2024-05-13T18:52:11.702Z daemon INFO time="2024-05-13T21:52:11+03:00" level=info msg="starting discovery builtin:mdns-discovery process"
2024-05-13 21:52:11 2024-05-13T18:52:11.702Z daemon INFO time="2024-05-13T21:52:11+03:00" level=info msg="starting discovery builtin:serial-discovery process"
2024-05-13 21:52:11 2024-05-13T18:52:11.704Z daemon INFO time="2024-05-13T21:52:11+03:00" level=info msg="started discovery builtin:serial-discovery process"
time="2024-05-13T21:52:11+03:00" level=info msg="sending command HELLO 1 \"arduino-cli 0.35.3\" to discovery builtin:serial-discovery"
time="2024-05-13T21:52:11+03:00" level=info msg="started discovery builtin:mdns-discovery process"
time="2024-05-13T21:52:11+03:00" level=info msg="sending command HELLO 1 \"arduino-cli 0.35.3\" to discovery builtin:mdns-discovery"
2024-05-13 21:52:11 2024-05-13T18:52:11.705Z daemon INFO time="2024-05-13T21:52:11+03:00" level=info msg="from discovery builtin:serial-discovery received message type: hello, message: OK, protocol version: 1"
time="2024-05-13T21:52:11+03:00" level=info msg="sending command START_SYNC to discovery builtin:serial-discovery"
2024-05-13 21:52:11 2024-05-13T18:52:11.705Z daemon INFO time="2024-05-13T21:52:11+03:00" level=info msg="from discovery builtin:mdns-discovery received message type: hello, message: OK, protocol version: 1"
time="2024-05-13T21:52:11+03:00" level=info msg="sending command START_SYNC to discovery builtin:mdns-discovery"
2024-05-13 21:52:11 2024-05-13T18:52:11.706Z daemon INFO time="2024-05-13T21:52:11+03:00" level=info msg="from discovery builtin:mdns-discovery received message type: start_sync, message: OK"
2024-05-13 21:52:11 2024-05-13T18:52:11.708Z daemon INFO time="2024-05-13T21:52:11+03:00" level=info msg="from discovery builtin:serial-discovery received message type: start_sync, message: OK"
2024-05-13 21:52:11 2024-05-13T18:52:11.709Z daemon INFO time="2024-05-13T21:52:11+03:00" level=info msg="from discovery builtin:serial-discovery received message type: add, port: /dev/ttyACM0"
2024-05-13 21:52:11 2024-05-13T18:52:11.735Z root WARN Frontend c.onStart took longer than the expected maximum 100 milliseconds: 9817.3 ms [Finished 12.388 s after frontend start]
2024-05-13 21:52:11 2024-05-13T18:52:11.790Z root INFO Start frontend contributions: 10517.7 ms [Finished 12.403 s after frontend start]
2024-05-13 21:52:11 2024-05-13T18:52:11.790Z root INFO Changed application state from 'init' to 'started_contributions'.
2024-05-13 21:52:11 2024-05-13T18:52:11.808Z root INFO [50905c25-ae3c-485d-9d2a-d4625267118c] Waiting for backend deployment: 68.9 ms [Finished 12.460 s after frontend start]
2024-05-13 21:52:12 2024-05-13T18:52:12.706Z root ERROR Request initAuthSession failed with error: The name org.freedesktop.secrets was not provided by any .service files Error: The name org.freedesktop.secrets was not provided by any .service files
2024-05-13 21:52:12 2024-05-13T18:52:12.722Z root INFO Changed application state from 'started_contributions' to 'attached_shell'.
2024-05-13 21:52:12 2024-05-13T18:52:12.722Z root INFO >>> Restoring the layout state...
2024-05-13 21:52:12 2024-05-13T18:52:12.722Z root INFO <<< Nothing to restore.
2024-05-13 21:52:12 2024-05-13T18:52:12.723Z root INFO Initialize the workbench layout: 51.7 ms [Finished 13.197 s after frontend start]
2024-05-13 21:52:12 2024-05-13T18:52:12.723Z root INFO Changed application state from 'attached_shell' to 'initialized_layout'.
2024-05-13 21:52:12 2024-05-13T18:52:12.755Z discovery-log INFO {"eventType":"add","port":{"matchingBoardsList":[{"name":"Arduino Uno","fqbn":"arduino:avr:uno","isHidden":false}],"port":{"address":"/dev/ttyACM0","label":"/dev/ttyACM0","protocol":"serial","protocolLabel":"Serial Port (USB)","propertiesMap":[["pid","0x0043"],["serialNumber","24238313136351711132"],["vid","0x2341"]],"hardwareId":"24238313136351711132"}},"error":""}
2024-05-13 21:52:12 2024-05-13T18:52:12.757Z root INFO [hosted-plugin: 14785] PLUGIN_HOST(14785) starting instance
2024-05-13 21:52:13 2024-05-13T18:52:13.744Z root INFO [50905c25-ae3c-485d-9d2a-d4625267118c] Sync of 23 plugins: 1892.7 ms [Finished 14.353 s after frontend start]
2024-05-13 21:52:13 2024-05-13T18:52:13.745Z root INFO [50905c25-ae3c-485d-9d2a-d4625267118c] Loading plugin contributions
2024-05-13 21:52:13 2024-05-13T18:52:13.745Z root INFO [50905c25-ae3c-485d-9d2a-d4625267118c] Load contributions of 23 plugins: 44.1 ms [Finished 14.397 s after frontend start]
2024-05-13 21:52:13 2024-05-13T18:52:13.845Z root WARN 'cpp' language is remapped from 'source.cpp.embedded.macro' to 'source.cpp' scope
2024-05-13 21:52:13 2024-05-13T18:52:13.845Z root WARN a registered grammar configuration for 'cpp' language is overridden
2024-05-13 21:52:18 2024-05-13T18:52:18.890Z root INFO Frontend application start: 17228.0 ms [Finished 20.368 s after backend start]
2024-05-13 21:52:18 Checking for update
2024-05-13 21:52:18 Generated new staging user ID: f91b921c-39f2-573b-8551-0f49f002cba4
2024-05-13 21:52:18 2024-05-13T18:52:18.932Z root INFO Replace loading indicator with ready workbench UI (animation): 5969.8 ms [Finished 19.209 s after frontend start]
2024-05-13 21:52:18 2024-05-13T18:52:18.932Z root INFO Changed application state from 'initialized_layout' to 'ready'.
2024-05-13 21:52:18 2024-05-13T18:52:18.932Z root WARN Linked preference "workbench.colorCustomizations" not found.
2024-05-13 21:52:19 2024-05-13T18:52:19.138Z root INFO core-client-provider [platform-index] Downloading index: package_index.tar.bz2

2024-05-13 21:52:19 2024-05-13T18:52:19.139Z root INFO core-client-provider [library-index] Downloading index: library_index.tar.bz2

2024-05-13 21:52:19 2024-05-13T18:52:19.140Z daemon INFO time="2024-05-13T21:52:19+03:00" level=info msg="Updating libraries index"
time="2024-05-13T21:52:19+03:00" level=info msg="Updating index" url="https://downloads.arduino.cc/packages/package_index.tar.bz2"
time="2024-05-13T21:52:19+03:00" level=info msg="Starting download" url="https://downloads.arduino.cc/packages/package_index.tar.bz2"
time="2024-05-13T21:52:19+03:00" level=info msg="Starting download" url="https://downloads.arduino.cc/libraries/library_index.tar.bz2"
2024-05-13 21:52:19 2024-05-13T18:52:19.579Z root ERROR ---- !!!SLOW!!! DURATION: search took 638.908 ms. Args: [{"type":"Updatable"}] ----
2024-05-13 21:52:19 2024-05-13T18:52:19.582Z root ERROR ---- !!!SLOW!!! DURATION: search took 435.316 ms. Args: [{"query":"Arduino_BuiltIn"}] ----
2024-05-13 21:52:19 2024-05-13T18:52:19.597Z root INFO >>> Starting boards package installation... {
  id: 'arduino:avr',
  name: 'Arduino AVR Boards',
  author: 'Arduino',
  availableVersions: [
    '1.8.6',  '1.8.5',  '1.8.4',
    '1.8.3',  '1.8.2',  '1.8.1',
    '1.6.23', '1.6.22', '1.6.21',
    '1.6.20', '1.6.19', '1.6.18',
    '1.6.17', '1.6.16', '1.6.15',
    '1.6.14', '1.6.13', '1.6.12',
    '1.6.11', '1.6.10', '1.6.9',
    '1.6.8',  '1.6.7',  '1.6.6',
    '1.6.5',  '1.6.4',  '1.6.3',
    '1.6.2'
  ],
  description: 'Arduino Yún, Arduino UNO, Arduino UNO Mini, Arduino UNO WiFi, Arduino Diecimila, Arduino Nano, Arduino Mega, Arduino Mega ADK, Arduino Leonardo, Arduino Leonardo Ethernet, Arduino Micro, Arduino Esplora, Arduino Mini, Arduino Ethernet, Arduino Fio, Arduino BT, Arduino LilyPad USB, Arduino LilyPad, Arduino Pro, Arduino ATMegaNG, Arduino Robot Control, Arduino Robot Motor, Arduino Gemma, Adafruit Circuit Playground, Arduino Yún Mini, Arduino Industrial 101, Linino One',
  types: [ 'Arduino' ],
  deprecated: false,
  summary: 'Boards included in this package:',
  installedVersion: undefined,
  boards: [
    { name: 'Arduino Yún', fqbn: '' },
    { name: 'Arduino UNO', fqbn: '' },
    { name: 'Arduino UNO Mini', fqbn: '' },
    { name: 'Arduino UNO WiFi', fqbn: '' },
    { name: 'Arduino Diecimila', fqbn: '' },
    { name: 'Arduino Nano', fqbn: '' },
    { name: 'Arduino Mega', fqbn: '' },
    { name: 'Arduino Mega ADK', fqbn: '' },
    { name: 'Arduino Leonardo', fqbn: '' },
    { name: 'Arduino Leonardo Ethernet', fqbn: '' },
    { name: 'Arduino Micro', fqbn: '' },
    { name: 'Arduino Esplora', fqbn: '' },
    { name: 'Arduino Mini', fqbn: '' },
    { name: 'Arduino Ethernet', fqbn: '' },
    { name: 'Arduino Fio', fqbn: '' },
    { name: 'Arduino BT', fqbn: '' },
    { name: 'Arduino LilyPad USB', fqbn: '' },
    { name: 'Arduino LilyPad', fqbn: '' },
    { name: 'Arduino Pro', fqbn: '' },
    { name: 'Arduino ATMegaNG', fqbn: '' },
    { name: 'Arduino Robot Control', fqbn: '' },
    { name: 'Arduino Robot Motor', fqbn: '' },
    { name: 'Arduino Gemma', fqbn: '' },
    { name: 'Adafruit Circuit Playground', fqbn: '' },
    { name: 'Arduino Yún Mini', fqbn: '' },
    { name: 'Arduino Industrial 101', fqbn: '' },
    { name: 'Linino One', fqbn: '' }
  ],
  moreInfoLink: 'http://www.arduino.cc/',
  index: 0
}
2024-05-13 21:52:19 2024-05-13T18:52:19.599Z discovery-log INFO stop
2024-05-13 21:52:19 2024-05-13T18:52:19.599Z discovery-log INFO >>> Stopping boards watcher...
2024-05-13 21:52:19 2024-05-13T18:52:19.599Z discovery-log INFO Canceling boards watcher...
2024-05-13 21:52:19 2024-05-13T18:52:19.599Z discovery-log INFO disposing requesting cancel
2024-05-13 21:52:19 2024-05-13T18:52:19.599Z discovery-log INFO disposing canceled
2024-05-13 21:52:19 2024-05-13T18:52:19.601Z discovery-log INFO error received
2024-05-13 21:52:19 2024-05-13T18:52:19.601Z discovery-log INFO cancel error received!
2024-05-13 21:52:19 2024-05-13T18:52:19.601Z discovery-log INFO stop received event: either end or cancel
2024-05-13 21:52:19 2024-05-13T18:52:19.601Z discovery-log INFO stop stopped
2024-05-13 21:52:19 2024-05-13T18:52:19.601Z discovery-log INFO received end
2024-05-13 21:52:19 2024-05-13T18:52:19.609Z daemon INFO time="2024-05-13T21:52:19+03:00" level=info msg="Starting download" url="http://downloads.arduino.cc/tools/arduinoOTA-1.3.0-linux_amd64.tar.bz2"
2024-05-13 21:52:19 Update for version 2.3.2 is not available (latest version: 2.3.2, downgrade is allowed).
2024-05-13 21:52:19 2024-05-13T18:52:19.710Z root ERROR [hosted-plugin: 14785] Conflict in settings file Default: Ignoring cortex-debug.armToolchainPath.linux as cortex-debug.armToolchainPath is null
2024-05-13 21:52:19 2024-05-13T18:52:19.710Z root ERROR [hosted-plugin: 14785] Conflict in settings file Default: Ignoring cortex-debug.armToolchainPath.osx as cortex-debug.armToolchainPath is null
Conflict in settings file Default: Ignoring cortex-debug.armToolchainPath.windows as cortex-debug.armToolchainPath is null
Conflict in settings file Default: Ignoring cortex-debug.JLinkGDBServerPath.linux as cortex-debug.JLinkGDBServerPath is null
Conflict in settings file Default: Ignoring cortex-debug.JLinkGDBServerPath.osx as cortex-debug.JLinkGDBServerPath is null
Conflict in settings file Default: Ignoring cortex-debug.JLinkGDBServerPath.windows as cortex-debug.JLinkGDBServerPath is null
Conflict in settings file Default: Ignoring cortex-debug.openocdPath.linux as cortex-debug.openocdPath is null
Conflict in settings file Default: Ignoring cortex-debug.openocdPath.osx as cortex-debug.openocdPath is null
2024-05-13 21:52:19 2024-05-13T18:52:19.710Z root ERROR [hosted-plugin: 14785] Conflict in settings file Default: Ignoring cortex-debug.openocdPath.windows as cortex-debug.openocdPath is null
Conflict in settings file Default: Ignoring cortex-debug.pyocdPath.linux as cortex-debug.pyocdPath is null
Conflict in settings file Default: Ignoring cortex-debug.pyocdPath.osx as cortex-debug.pyocdPath is null
Conflict in settings file Default: Ignoring cortex-debug.pyocdPath.windows as cortex-debug.pyocdPath is null
2024-05-13 21:52:19 2024-05-13T18:52:19.711Z root ERROR [hosted-plugin: 14785] Conflict in settings file Default: Ignoring cortex-debug.PEGDBServerPath.linux as cortex-debug.PEGDBServerPath is null
Conflict in settings file Default: Ignoring cortex-debug.PEGDBServerPath.osx as cortex-debug.PEGDBServerPath is null
Conflict in settings file Default: Ignoring cortex-debug.PEGDBServerPath.windows as cortex-debug.PEGDBServerPath is null
Conflict in settings file Default: Ignoring cortex-debug.stutilPath.linux as cortex-debug.stutilPath is null
Conflict in settings file Default: Ignoring cortex-debug.stutilPath.osx as cortex-debug.stutilPath is null
Conflict in settings file Default: Ignoring cortex-debug.stutilPath.windows as cortex-debug.stutilPath is null
2024-05-13 21:52:19 2024-05-13T18:52:19.711Z root ERROR [hosted-plugin: 14785] Conflict in settings file Default: Ignoring cortex-debug.stlinkPath.linux as cortex-debug.stlinkPath is null
Conflict in settings file Default: Ignoring cortex-debug.stlinkPath.osx as cortex-debug.stlinkPath is null
Conflict in settings file Default: Ignoring cortex-debug.stlinkPath.windows as cortex-debug.stlinkPath is null
Conflict in settings file Default: Ignoring cortex-debug.stm32cubeprogrammer.linux as cortex-debug.stm32cubeprogrammer is null
Conflict in settings file Default: Ignoring cortex-debug.stm32cubeprogrammer.osx as cortex-debug.stm32cubeprogrammer is null
Conflict in settings file Default: Ignoring cortex-debug.stm32cubeprogrammer.windows as cortex-debug.stm32cubeprogrammer is null
2024-05-13 21:52:19 2024-05-13T18:52:19.724Z root INFO [hosted-plugin: 14785] PLUGIN_HOST(14785): PluginManagerExtImpl/init()
2024-05-13 21:52:19 2024-05-13T18:52:19.726Z root INFO [hosted-plugin: 14785] PLUGIN_HOST(14785): initializing(vscode-arduino-api@0.1.2 with /opt/arduino-ide/resources/app/lib/backend/plugin-vscode-init)
2024-05-13 21:52:19 2024-05-13T18:52:19.812Z root INFO [hosted-plugin: 14785] PLUGIN_HOST(14785): initializing(cortex-debug@1.5.1 with /opt/arduino-ide/resources/app/lib/backend/plugin-vscode-init)
2024-05-13 21:52:19 2024-05-13T18:52:19.812Z root INFO [hosted-plugin: 14785] Debugger contribution has been registered: cortex-debug
2024-05-13 21:52:19 2024-05-13T18:52:19.813Z root INFO [hosted-plugin: 14785] PLUGIN_HOST(14785): initializing(vscode-arduino-tools@0.1.3 with /opt/arduino-ide/resources/app/lib/backend/plugin-vscode-init)
2024-05-13 21:52:19 2024-05-13T18:52:19.815Z root INFO [hosted-plugin: 14785] PLUGIN_HOST(14785): initializing(cpp@1.52.1 with /opt/arduino-ide/resources/app/lib/backend/plugin-vscode-init)
2024-05-13 21:52:19 2024-05-13T18:52:19.817Z root INFO [hosted-plugin: 14785] PLUGIN_HOST(14785): initializing(json@1.46.1 with /opt/arduino-ide/resources/app/lib/backend/plugin-vscode-init)
2024-05-13 21:52:19 2024-05-13T18:52:19.819Z root INFO [hosted-plugin: 14785] PLUGIN_HOST(14785): initializing(json-language-features@1.46.1 with /opt/arduino-ide/resources/app/lib/backend/plugin-vscode-init)
2024-05-13 21:52:19 2024-05-13T18:52:19.820Z root INFO [hosted-plugin: 14785] PLUGIN_HOST(14785): initializing(vscode-language-pack-bg@1.48.3 with /opt/arduino-ide/resources/app/lib/backend/plugin-vscode-init)
2024-05-13 21:52:19 2024-05-13T18:52:19.823Z root INFO [hosted-plugin: 14785] PLUGIN_HOST(14785): initializing(vscode-language-pack-cs@1.80.0 with /opt/arduino-ide/resources/app/lib/backend/plugin-vscode-init)
2024-05-13 21:52:19 2024-05-13T18:52:19.824Z root INFO [hosted-plugin: 14785] PLUGIN_HOST(14785): initializing(vscode-language-pack-de@1.80.0 with /opt/arduino-ide/resources/app/lib/backend/plugin-vscode-init)
2024-05-13 21:52:19 2024-05-13T18:52:19.825Z root INFO [hosted-plugin: 14785] PLUGIN_HOST(14785): initializing(vscode-language-pack-es@1.80.0 with /opt/arduino-ide/resources/app/lib/backend/plugin-vscode-init)
2024-05-13 21:52:19 2024-05-13T18:52:19.826Z root INFO [hosted-plugin: 14785] PLUGIN_HOST(14785): initializing(vscode-language-pack-fr@1.80.0 with /opt/arduino-ide/resources/app/lib/backend/plugin-vscode-init)
2024-05-13 21:52:19 2024-05-13T18:52:19.827Z root INFO [hosted-plugin: 14785] PLUGIN_HOST(14785): initializing(vscode-language-pack-hu@1.48.3 with /opt/arduino-ide/resources/app/lib/backend/plugin-vscode-init)
2024-05-13 21:52:19 2024-05-13T18:52:19.828Z root INFO [hosted-plugin: 14785] PLUGIN_HOST(14785): initializing(vscode-language-pack-it@1.80.0 with /opt/arduino-ide/resources/app/lib/backend/plugin-vscode-init)
2024-05-13 21:52:19 2024-05-13T18:52:19.829Z root INFO [hosted-plugin: 14785] PLUGIN_HOST(14785): initializing(vscode-language-pack-ja@1.80.0 with /opt/arduino-ide/resources/app/lib/backend/plugin-vscode-init)
2024-05-13 21:52:19 2024-05-13T18:52:19.830Z root INFO [hosted-plugin: 14785] PLUGIN_HOST(14785): initializing(vscode-language-pack-ko@1.80.0 with /opt/arduino-ide/resources/app/lib/backend/plugin-vscode-init)
2024-05-13 21:52:19 2024-05-13T18:52:19.831Z root INFO [hosted-plugin: 14785] PLUGIN_HOST(14785): initializing(vscode-language-pack-nl@1.48.3 with /opt/arduino-ide/resources/app/lib/backend/plugin-vscode-init)
2024-05-13 21:52:19 2024-05-13T18:52:19.832Z root INFO [hosted-plugin: 14785] PLUGIN_HOST(14785): initializing(vscode-language-pack-pl@1.80.0 with /opt/arduino-ide/resources/app/lib/backend/plugin-vscode-init)
2024-05-13 21:52:19 2024-05-13T18:52:19.832Z root INFO [hosted-plugin: 14785] PLUGIN_HOST(14785): initializing(vscode-language-pack-pt-BR@1.80.0 with /opt/arduino-ide/resources/app/lib/backend/plugin-vscode-init)
2024-05-13 21:52:19 2024-05-13T18:52:19.833Z root INFO [hosted-plugin: 14785] PLUGIN_HOST(14785): initializing(vscode-language-pack-ru@1.80.0 with /opt/arduino-ide/resources/app/lib/backend/plugin-vscode-init)
2024-05-13 21:52:19 2024-05-13T18:52:19.833Z root INFO [hosted-plugin: 14785] PLUGIN_HOST(14785): initializing(vscode-language-pack-tr@1.80.0 with /opt/arduino-ide/resources/app/lib/backend/plugin-vscode-init)
2024-05-13 21:52:19 2024-05-13T18:52:19.835Z root INFO [hosted-plugin: 14785] PLUGIN_HOST(14785): initializing(vscode-language-pack-uk@1.48.3 with /opt/arduino-ide/resources/app/lib/backend/plugin-vscode-init)
2024-05-13 21:52:19 2024-05-13T18:52:19.836Z root INFO [hosted-plugin: 14785] PLUGIN_HOST(14785): initializing(vscode-language-pack-zh-hans@1.80.0 with /opt/arduino-ide/resources/app/lib/backend/plugin-vscode-init)
2024-05-13 21:52:19 2024-05-13T18:52:19.836Z root INFO [hosted-plugin: 14785] PLUGIN_HOST(14785): initializing(vscode-language-pack-zh-hant@1.80.0 with /opt/arduino-ide/resources/app/lib/backend/plugin-vscode-init)
2024-05-13 21:52:19 2024-05-13T18:52:19.933Z root INFO [hosted-plugin: 14785] PLUGIN_HOST(14785): PluginManagerExtImpl/loadPlugin(/opt/arduino-ide/resources/app/plugins/vscode-arduino-api/extension/dist/extension.js)
2024-05-13 21:52:19 2024-05-13T18:52:19.943Z root INFO [hosted-plugin: 14785] calling activation function on Arduino IDE API for VS Code extensions
2024-05-13 21:52:19 2024-05-13T18:52:19.947Z root INFO [hosted-plugin: 14785] PLUGIN_HOST(14785): PluginManagerExtImpl/loadPlugin(/opt/arduino-ide/resources/app/plugins/vscode-builtin-json-language-features/extension/client/dist/jsonMain)
2024-05-13 21:52:19 2024-05-13T18:52:19.992Z root INFO [hosted-plugin: 14785] calling activation function on JSON Language Features (built-in)
2024-05-13 21:52:19 2024-05-13T18:52:19.997Z root INFO [50905c25-ae3c-485d-9d2a-d4625267118c] Starting plugins.
2024-05-13 21:52:20 2024-05-13T18:52:20.017Z root INFO [hosted-plugin: 14785] PLUGIN_HOST(14785): PluginManagerExtImpl/loadPlugin(/opt/arduino-ide/resources/app/plugins/cortex-debug/extension/dist/extension.js)
2024-05-13 21:52:20 2024-05-13T18:52:20.059Z root INFO [hosted-plugin: 14785] Debug configuration provider has been registered: cortex-debug, trigger: 1
2024-05-13 21:52:20 2024-05-13T18:52:20.061Z root INFO [hosted-plugin: 14785] calling activation function on Cortex-Debug
2024-05-13 21:52:20 2024-05-13T18:52:20.065Z root INFO [hosted-plugin: 14785] GDB server console created
2024-05-13 21:52:20 2024-05-13T18:52:20.075Z root INFO [50905c25-ae3c-485d-9d2a-d4625267118c] Start of 23 plugins: 6308.2 ms [Finished 20.730 s after frontend start]
2024-05-13 21:52:22 2024-05-13T18:52:22.059Z daemon INFO time="2024-05-13T21:52:22+03:00" level=info msg="Starting download" url="http://downloads.arduino.cc/tools/avr-gcc-7.3.0-atmel3.6.1-arduino7-x86_64-pc-linux-gnu.tar.bz2"
2024-05-13 21:52:23 2024-05-13T18:52:23.227Z daemon INFO time="2024-05-13T21:52:23+03:00" level=info msg="Checking signature" index=/home/vladimir/.arduino15/package_index.json signatureFile=/home/vladimir/.arduino15/package_index.json.sig trusted=true
2024-05-13 21:52:23 2024-05-13T18:52:23.228Z daemon INFO time="2024-05-13T21:52:23+03:00" level=info msg="Loading hardware from: /home/vladimir/.arduino15/packages"
2024-05-13 21:52:23 2024-05-13T18:52:23.228Z daemon INFO time="2024-05-13T21:52:23+03:00" level=info msg="Loading package builtin from: /home/vladimir/.arduino15/packages/builtin"
time="2024-05-13T21:52:23+03:00" level=info msg="Checking existence of 'tools' path: /home/vladimir/.arduino15/packages/builtin/tools"
time="2024-05-13T21:52:23+03:00" level=info msg="Loading tools from dir: /home/vladimir/.arduino15/packages/builtin/tools"
2024-05-13 21:52:23 2024-05-13T18:52:23.228Z daemon INFO time="2024-05-13T21:52:23+03:00" level=info msg="Loaded tool" tool="builtin:ctags@5.8-arduino11"
2024-05-13 21:52:23 2024-05-13T18:52:23.228Z daemon INFO time="2024-05-13T21:52:23+03:00" level=info msg="Loaded tool" tool="builtin:dfu-discovery@0.1.2"
time="2024-05-13T21:52:23+03:00" level=info msg="Loaded tool" tool="builtin:mdns-discovery@1.0.9"
2024-05-13 21:52:23 2024-05-13T18:52:23.228Z daemon INFO time="2024-05-13T21:52:23+03:00" level=info msg="Loaded tool" tool="builtin:serial-discovery@1.4.0"
2024-05-13 21:52:23 2024-05-13T18:52:23.228Z daemon INFO time="2024-05-13T21:52:23+03:00" level=info msg="Loaded tool" tool="builtin:serial-monitor@0.14.1"
2024-05-13 21:52:40 2024-05-13T18:52:40.686Z daemon INFO time="2024-05-13T21:52:40+03:00" level=info msg="Starting download" url="http://downloads.arduino.cc/tools/avrdude-6.3.0-arduino17-x86_64-pc-linux-gnu.tar.bz2"
2024-05-13 21:52:41 2024-05-13T18:52:41.283Z daemon INFO time="2024-05-13T21:52:41+03:00" level=info msg="Starting download" url="http://downloads.arduino.cc/cores/staging/avr-1.8.6.tar.bz2"
2024-05-13 21:52:45 2024-05-13T18:52:45.320Z daemon INFO time="2024-05-13T21:52:45+03:00" level=info msg="Installing tool" Tool="arduino:arduinoOTA@1.3.0"
2024-05-13 21:52:45 2024-05-13T18:52:45.916Z daemon INFO time="2024-05-13T21:52:45+03:00" level=info msg="Running tool post_install script" Tool="arduino:arduinoOTA@1.3.0"
2024-05-13 21:52:45 2024-05-13T18:52:45.917Z daemon INFO time="2024-05-13T21:52:45+03:00" level=info msg="Tool installed" Tool="arduino:arduinoOTA@1.3.0"
time="2024-05-13T21:52:45+03:00" level=info msg="Installing tool" Tool="arduino:avr-gcc@7.3.0-atmel3.6.1-arduino7"
2024-05-13 21:52:59 2024-05-13T18:52:59.323Z daemon INFO time="2024-05-13T21:52:59+03:00" level=info msg="Running tool post_install script" Tool="arduino:avr-gcc@7.3.0-atmel3.6.1-arduino7"
2024-05-13 21:52:59 2024-05-13T18:52:59.324Z daemon INFO time="2024-05-13T21:52:59+03:00" level=info msg="Tool installed" Tool="arduino:avr-gcc@7.3.0-atmel3.6.1-arduino7"
time="2024-05-13T21:52:59+03:00" level=info msg="Installing tool" Tool="arduino:avrdude@6.3.0-arduino17"
2024-05-13 21:52:59 2024-05-13T18:52:59.406Z daemon INFO time="2024-05-13T21:52:59+03:00" level=info msg="Running tool post_install script" Tool="arduino:avrdude@6.3.0-arduino17"
time="2024-05-13T21:52:59+03:00" level=info msg="Tool installed" Tool="arduino:avrdude@6.3.0-arduino17"
2024-05-13 21:52:59 2024-05-13T18:52:59.406Z daemon INFO time="2024-05-13T21:52:59+03:00" level=info msg="Installing platform" platform="arduino:avr@1.8.6"
2024-05-13 21:53:01 2024-05-13T18:53:01.002Z daemon INFO time="2024-05-13T21:53:01+03:00" level=info msg="Running post_install script" platform="arduino:avr@1.8.6"
time="2024-05-13T21:53:01+03:00" level=info msg="Platform installed" platform="arduino:avr@1.8.6"
2024-05-13 21:53:01 2024-05-13T18:53:01.002Z daemon INFO time="2024-05-13T21:53:01+03:00" level=info msg="sending command QUIT to discovery builtin:serial-discovery"
2024-05-13 21:53:01 2024-05-13T18:53:01.004Z daemon INFO time="2024-05-13T21:53:01+03:00" level=info msg="from discovery builtin:serial-discovery received message type: quit, message: OK"
time="2024-05-13T21:53:01+03:00" level=info msg="killing discovery builtin:serial-discovery process"
time="2024-05-13T21:53:01+03:00" level=info msg="Discovery event channel closed builtin:serial-discovery. Exiting goroutine."
time="2024-05-13T21:53:01+03:00" level=info msg="killed discovery builtin:serial-discovery process"
time="2024-05-13T21:53:01+03:00" level=info msg="Closed and removed discovery builtin:serial-discovery"
time="2024-05-13T21:53:01+03:00" level=info msg="sending command QUIT to discovery builtin:mdns-discovery"
time="2024-05-13T21:53:01+03:00" level=info msg="from discovery builtin:mdns-discovery received message type: quit, message: OK"
time="2024-05-13T21:53:01+03:00" level=info msg="killing discovery builtin:mdns-discovery process"
time="2024-05-13T21:53:01+03:00" level=info msg="Discovery event channel closed builtin:mdns-discovery. Exiting goroutine."
2024-05-13 21:53:01 2024-05-13T18:53:01.004Z daemon INFO time="2024-05-13T21:53:01+03:00" level=info msg="killed discovery builtin:mdns-discovery process"
time="2024-05-13T21:53:01+03:00" level=info msg="Closed and removed discovery builtin:mdns-discovery"
time="2024-05-13T21:53:01+03:00" level=info msg="starting discovery builtin:serial-discovery process"
2024-05-13 21:53:01 2024-05-13T18:53:01.005Z daemon INFO time="2024-05-13T21:53:01+03:00" level=info msg="started discovery builtin:serial-discovery process"
time="2024-05-13T21:53:01+03:00" level=info msg="sending command HELLO 1 \"arduino-cli 0.35.3\" to discovery builtin:serial-discovery"
2024-05-13 21:53:01 2024-05-13T18:53:01.009Z daemon INFO time="2024-05-13T21:53:01+03:00" level=info msg="from discovery builtin:serial-discovery received message type: hello, message: OK, protocol version: 1"
time="2024-05-13T21:53:01+03:00" level=info msg="sending command START_SYNC to discovery builtin:serial-discovery"
2024-05-13 21:53:01 2024-05-13T18:53:01.010Z daemon INFO time="2024-05-13T21:53:01+03:00" level=info msg="from discovery builtin:serial-discovery received message type: start_sync, message: OK"
2024-05-13 21:53:01 2024-05-13T18:53:01.010Z daemon INFO time="2024-05-13T21:53:01+03:00" level=info msg="starting discovery builtin:mdns-discovery process"
2024-05-13 21:53:01 2024-05-13T18:53:01.014Z daemon INFO time="2024-05-13T21:53:01+03:00" level=info msg="started discovery builtin:mdns-discovery process"
time="2024-05-13T21:53:01+03:00" level=info msg="sending command HELLO 1 \"arduino-cli 0.35.3\" to discovery builtin:mdns-discovery"
time="2024-05-13T21:53:01+03:00" level=info msg="from discovery builtin:serial-discovery received message type: add, port: /dev/ttyACM0"
2024-05-13 21:53:01 2024-05-13T18:53:01.021Z daemon INFO time="2024-05-13T21:53:01+03:00" level=info msg="from discovery builtin:mdns-discovery received message type: hello, message: OK, protocol version: 1"
time="2024-05-13T21:53:01+03:00" level=info msg="sending command START_SYNC to discovery builtin:mdns-discovery"
time="2024-05-13T21:53:01+03:00" level=info msg="from discovery builtin:mdns-discovery received message type: start_sync, message: OK"
time="2024-05-13T21:53:01+03:00" level=info msg="Loading libraries index file" index=/home/vladimir/.arduino15/library_index.json
2024-05-13 21:53:01 2024-05-13T18:53:01.042Z daemon INFO time="2024-05-13T21:53:01+03:00" level=info msg="Checking signature" index=/home/vladimir/.arduino15/package_index.json signatureFile=/home/vladimir/.arduino15/package_index.json.sig trusted=true
2024-05-13 21:53:01 2024-05-13T18:53:01.044Z daemon INFO time="2024-05-13T21:53:01+03:00" level=info msg="Loading hardware from: /home/vladimir/.arduino15/packages"
2024-05-13 21:53:01 2024-05-13T18:53:01.044Z daemon INFO time="2024-05-13T21:53:01+03:00" level=info msg="Loading package arduino from: /home/vladimir/.arduino15/packages/arduino/hardware"
2024-05-13 21:53:01 2024-05-13T18:53:01.046Z daemon INFO time="2024-05-13T21:53:01+03:00" level=info msg="Missing signature file" index=/home/vladimir/.arduino15/packages/arduino/hardware/avr/1.8.6/installed.json
2024-05-13 21:53:01 2024-05-13T18:53:01.048Z daemon INFO time="2024-05-13T21:53:01+03:00" level=info msg="Adding monitor tool" protocol=serial tool="builtin:serial-monitor"
time="2024-05-13T21:53:01+03:00" level=info msg="Loaded platform" platform="arduino:avr@1.8.6"
2024-05-13 21:53:01 2024-05-13T18:53:01.049Z daemon INFO time="2024-05-13T21:53:01+03:00" level=info msg="Checking existence of 'tools' path: /home/vladimir/.arduino15/packages/arduino/tools"
time="2024-05-13T21:53:01+03:00" level=info msg="Loading tools from dir: /home/vladimir/.arduino15/packages/arduino/tools"
time="2024-05-13T21:53:01+03:00" level=info msg="Loaded tool" tool="arduino:arduinoOTA@1.3.0"
time="2024-05-13T21:53:01+03:00" level=info msg="Loaded tool" tool="arduino:avr-gcc@7.3.0-atmel3.6.1-arduino7"
time="2024-05-13T21:53:01+03:00" level=info msg="Loaded tool" tool="arduino:avrdude@6.3.0-arduino17"
2024-05-13 21:53:01 2024-05-13T18:53:01.049Z daemon INFO time="2024-05-13T21:53:01+03:00" level=info msg="Loading package builtin from: /home/vladimir/.arduino15/packages/builtin"
time="2024-05-13T21:53:01+03:00" level=info msg="Checking existence of 'tools' path: /home/vladimir/.arduino15/packages/builtin/tools"
time="2024-05-13T21:53:01+03:00" level=info msg="Loading tools from dir: /home/vladimir/.arduino15/packages/builtin/tools"
2024-05-13 21:53:01 2024-05-13T18:53:01.049Z daemon INFO time="2024-05-13T21:53:01+03:00" level=info msg="Loaded tool" tool="builtin:ctags@5.8-arduino11"
2024-05-13 21:53:01 2024-05-13T18:53:01.049Z daemon INFO time="2024-05-13T21:53:01+03:00" level=info msg="Loaded tool" tool="builtin:dfu-discovery@0.1.2"
2024-05-13 21:53:01 2024-05-13T18:53:01.049Z daemon INFO time="2024-05-13T21:53:01+03:00" level=info msg="Loaded tool" tool="builtin:mdns-discovery@1.0.9"
2024-05-13 21:53:01 2024-05-13T18:53:01.049Z daemon INFO time="2024-05-13T21:53:01+03:00" level=info msg="Loaded tool" tool="builtin:serial-discovery@1.4.0"
2024-05-13 21:53:01 2024-05-13T18:53:01.049Z daemon INFO time="2024-05-13T21:53:01+03:00" level=info msg="Loaded tool" tool="builtin:serial-monitor@0.14.1"
2024-05-13 21:53:01 2024-05-13T18:53:01.302Z daemon INFO time="2024-05-13T21:53:01+03:00" level=info msg="Adding libraries dir" dir=/home/vladimir/.arduino15/libraries location=ide
time="2024-05-13T21:53:01+03:00" level=info msg="Adding libraries dir" dir=/home/vladimir/Arduino/libraries location=user
2024-05-13 21:53:01 2024-05-13T18:53:01.303Z daemon INFO time="2024-05-13T21:53:01+03:00" level=info msg="sending command QUIT to discovery builtin:serial-discovery"
2024-05-13 21:53:01 2024-05-13T18:53:01.305Z daemon INFO time="2024-05-13T21:53:01+03:00" level=info msg="from discovery builtin:serial-discovery received message type: quit, message: OK"
time="2024-05-13T21:53:01+03:00" level=info msg="killing discovery builtin:serial-discovery process"
time="2024-05-13T21:53:01+03:00" level=info msg="Discovery event channel closed builtin:serial-discovery. Exiting goroutine."
time="2024-05-13T21:53:01+03:00" level=info msg="killed discovery builtin:serial-discovery process"
time="2024-05-13T21:53:01+03:00" level=info msg="Closed and removed discovery builtin:serial-discovery"
time="2024-05-13T21:53:01+03:00" level=info msg="sending command QUIT to discovery builtin:mdns-discovery"
time="2024-05-13T21:53:01+03:00" level=info msg="from discovery builtin:mdns-discovery received message type: quit, message: OK"
time="2024-05-13T21:53:01+03:00" level=info msg="killing discovery builtin:mdns-discovery process"
time="2024-05-13T21:53:01+03:00" level=info msg="Discovery event channel closed builtin:mdns-discovery. Exiting goroutine."
time="2024-05-13T21:53:01+03:00" level=info msg="killed discovery builtin:mdns-discovery process"
time="2024-05-13T21:53:01+03:00" level=info msg="Closed and removed discovery builtin:mdns-discovery"
time="2024-05-13T21:53:01+03:00" level=info msg="starting discovery builtin:serial-discovery process"
time="2024-05-13T21:53:01+03:00" level=info msg="started discovery builtin:serial-discovery process"
time="2024-05-13T21:53:01+03:00" level=info msg="sending command HELLO 1 \"arduino-cli 0.35.3\" to discovery builtin:serial-discovery"
2024-05-13 21:53:01 2024-05-13T18:53:01.307Z daemon INFO time="2024-05-13T21:53:01+03:00" level=info msg="from discovery builtin:serial-discovery received message type: hello, message: OK, protocol version: 1"
time="2024-05-13T21:53:01+03:00" level=info msg="sending command START_SYNC to discovery builtin:serial-discovery"
2024-05-13 21:53:01 2024-05-13T18:53:01.310Z daemon INFO time="2024-05-13T21:53:01+03:00" level=info msg="from discovery builtin:serial-discovery received message type: start_sync, message: OK"
time="2024-05-13T21:53:01+03:00" level=info msg="starting discovery builtin:mdns-discovery process"
time="2024-05-13T21:53:01+03:00" level=info msg="from discovery builtin:serial-discovery received message type: add, port: /dev/ttyACM0"
time="2024-05-13T21:53:01+03:00" level=info msg="started discovery builtin:mdns-discovery process"
time="2024-05-13T21:53:01+03:00" level=info msg="sending command HELLO 1 \"arduino-cli 0.35.3\" to discovery builtin:mdns-discovery"
2024-05-13 21:53:01 2024-05-13T18:53:01.311Z daemon INFO time="2024-05-13T21:53:01+03:00" level=info msg="from discovery builtin:mdns-discovery received message type: hello, message: OK, protocol version: 1"
time="2024-05-13T21:53:01+03:00" level=info msg="sending command START_SYNC to discovery builtin:mdns-discovery"
2024-05-13 21:53:01 2024-05-13T18:53:01.312Z daemon INFO time="2024-05-13T21:53:01+03:00" level=info msg="from discovery builtin:mdns-discovery received message type: start_sync, message: OK"
2024-05-13 21:53:01 2024-05-13T18:53:01.321Z daemon INFO time="2024-05-13T21:53:01+03:00" level=info msg="Adding libraries dir" dir=/home/vladimir/.arduino15/packages/arduino/hardware/avr/1.8.6/libraries location=platform
time="2024-05-13T21:53:01+03:00" level=info msg="Loading libraries index file" index=/home/vladimir/.arduino15/library_index.json
2024-05-13 21:53:01 2024-05-13T18:53:01.623Z daemon INFO time="2024-05-13T21:53:01+03:00" level=info msg="Adding libraries dir" dir=/home/vladimir/.arduino15/libraries location=ide
time="2024-05-13T21:53:01+03:00" level=info msg="Adding libraries dir" dir=/home/vladimir/Arduino/libraries location=user
2024-05-13 21:53:01 2024-05-13T18:53:01.627Z discovery-log INFO start
2024-05-13 21:53:01 2024-05-13T18:53:01.627Z discovery-log INFO start new deferred
2024-05-13 21:53:01 2024-05-13T18:53:01.628Z discovery-log INFO start resolved watching
2024-05-13 21:53:01 2024-05-13T18:53:01.630Z discovery-log INFO {"eventType":"add","port":{"matchingBoardsList":[{"name":"Arduino Uno","fqbn":"arduino:avr:uno","isHidden":false}],"port":{"address":"/dev/ttyACM0","label":"/dev/ttyACM0","protocol":"serial","protocolLabel":"Serial Port (USB)","propertiesMap":[["pid","0x0043"],["serialNumber","24238313136351711132"],["vid","0x2341"]],"hardwareId":"24238313136351711132"}},"error":""}
2024-05-13 21:53:01 2024-05-13T18:53:01.664Z root INFO <<< Boards package installation done. {
  id: 'arduino:avr',
  name: 'Arduino AVR Boards',
  author: 'Arduino',
  availableVersions: [
    '1.8.6',  '1.8.5',  '1.8.4',
    '1.8.3',  '1.8.2',  '1.8.1',
    '1.6.23', '1.6.22', '1.6.21',
    '1.6.20', '1.6.19', '1.6.18',
    '1.6.17', '1.6.16', '1.6.15',
    '1.6.14', '1.6.13', '1.6.12',
    '1.6.11', '1.6.10', '1.6.9',
    '1.6.8',  '1.6.7',  '1.6.6',
    '1.6.5',  '1.6.4',  '1.6.3',
    '1.6.2'
  ],
  description: 'Arduino Yún, Arduino UNO, Arduino UNO Mini, Arduino UNO WiFi, Arduino Diecimila, Arduino Nano, Arduino Mega, Arduino Mega ADK, Arduino Leonardo, Arduino Leonardo Ethernet, Arduino Micro, Arduino Esplora, Arduino Mini, Arduino Ethernet, Arduino Fio, Arduino BT, Arduino LilyPad USB, Arduino LilyPad, Arduino Pro, Arduino ATMegaNG, Arduino Robot Control, Arduino Robot Motor, Arduino Gemma, Adafruit Circuit Playground, Arduino Yún Mini, Arduino Industrial 101, Linino One',
  types: [ 'Arduino' ],
  deprecated: false,
  summary: 'Boards included in this package:',
  installedVersion: undefined,
  boards: [
    { name: 'Arduino Yún', fqbn: '' },
    { name: 'Arduino UNO', fqbn: '' },
    { name: 'Arduino UNO Mini', fqbn: '' },
    { name: 'Arduino UNO WiFi', fqbn: '' },
    { name: 'Arduino Diecimila', fqbn: '' },
    { name: 'Arduino Nano', fqbn: '' },
    { name: 'Arduino Mega', fqbn: '' },
    { name: 'Arduino Mega ADK', fqbn: '' },
    { name: 'Arduino Leonardo', fqbn: '' },
    { name: 'Arduino Leonardo Ethernet', fqbn: '' },
    { name: 'Arduino Micro', fqbn: '' },
    { name: 'Arduino Esplora', fqbn: '' },
    { name: 'Arduino Mini', fqbn: '' },
    { name: 'Arduino Ethernet', fqbn: '' },
    { name: 'Arduino Fio', fqbn: '' },
    { name: 'Arduino BT', fqbn: '' },
    { name: 'Arduino LilyPad USB', fqbn: '' },
    { name: 'Arduino LilyPad', fqbn: '' },
    { name: 'Arduino Pro', fqbn: '' },
    { name: 'Arduino ATMegaNG', fqbn: '' },
    { name: 'Arduino Robot Control', fqbn: '' },
    { name: 'Arduino Robot Motor', fqbn: '' },
    { name: 'Arduino Gemma', fqbn: '' },
    { name: 'Adafruit Circuit Playground', fqbn: '' },
    { name: 'Arduino Yún Mini', fqbn: '' },
    { name: 'Arduino Industrial 101', fqbn: '' },
    { name: 'Linino One', fqbn: '' }
  ],
  moreInfoLink: 'http://www.arduino.cc/',
  index: 0
}
2024-05-13 21:53:01 2024-05-13T18:53:01.681Z root INFO >>> Starting library package installation... {
  name: 'Arduino_BuiltIn',
  exampleUris: [],
  location: 0,
  installedVersion: undefined,
  author: 'Arduino',
  availableVersions: [ '1.0.0' ],
  includes: [],
  description: 'The sole purpose of this library is to install the standard Arduino libraries which are typically included with the Arduino IDE.',
  moreInfoLink: 'https://github.com/arduino-libraries/Arduino_BuiltIn',
  summary: 'Shell Arduino library to provide the standard built-in libraries',
  category: 'Other',
  types: [ 'Arduino' ],
  index: 0
}
2024-05-13 21:53:01 2024-05-13T18:53:01.681Z discovery-log INFO stop
2024-05-13 21:53:01 2024-05-13T18:53:01.681Z discovery-log INFO >>> Stopping boards watcher...
2024-05-13 21:53:01 2024-05-13T18:53:01.681Z discovery-log INFO Canceling boards watcher...
2024-05-13 21:53:01 2024-05-13T18:53:01.681Z discovery-log INFO disposing requesting cancel
2024-05-13 21:53:01 2024-05-13T18:53:01.681Z discovery-log INFO disposing canceled
2024-05-13 21:53:01 2024-05-13T18:53:01.683Z discovery-log INFO error received
2024-05-13 21:53:01 2024-05-13T18:53:01.683Z discovery-log INFO cancel error received!
2024-05-13 21:53:01 2024-05-13T18:53:01.683Z discovery-log INFO stop received event: either end or cancel
2024-05-13 21:53:01 2024-05-13T18:53:01.683Z discovery-log INFO stop stopped
2024-05-13 21:53:01 2024-05-13T18:53:01.683Z discovery-log INFO received end
2024-05-13 21:53:01 2024-05-13T18:53:01.722Z daemon INFO time="2024-05-13T21:53:01+03:00" level=info msg="Starting download" url="https://downloads.arduino.cc/libraries/github.com/firmata/Firmata-2.5.9.zip?query=depends"
2024-05-13 21:53:01 2024-05-13T18:53:01.730Z root WARN Detected a new port that has been already discovered. The old value will be overridden. Old value: {"port":{"address":"/dev/ttyACM0","addressLabel":"/dev/ttyACM0","protocol":"serial","protocolLabel":"Serial Port (USB)","properties":{"pid":"0x0043","serialNumber":"24238313136351711132","vid":"0x2341"},"hardwareId":"24238313136351711132"},"boards":[{"fqbn":"arduino:avr:uno","name":"Arduino Uno"}]}, new value: {"boards":[{"fqbn":"arduino:avr:uno","name":"Arduino Uno"}],"port":{"address":"/dev/ttyACM0","addressLabel":"/dev/ttyACM0","protocol":"serial","protocolLabel":"Serial Port (USB)","properties":{"pid":"0x0043","serialNumber":"24238313136351711132","vid":"0x2341"},"hardwareId":"24238313136351711132"}}
2024-05-13 21:53:02 2024-05-13T18:53:02.733Z daemon INFO time="2024-05-13T21:53:02+03:00" level=info msg="Installing library" library=Firmata@2.5.9
2024-05-13 21:53:02 2024-05-13T18:53:02.769Z daemon INFO time="2024-05-13T21:53:02+03:00" level=info msg="Starting download" url="https://downloads.arduino.cc/libraries/github.com/arduino-libraries/Mouse-1.0.1.zip?query=depends"
2024-05-13 21:53:03 2024-05-13T18:53:03.348Z daemon INFO time="2024-05-13T21:53:03+03:00" level=info msg="Installing library" library=Mouse@1.0.1
2024-05-13 21:53:03 2024-05-13T18:53:03.352Z daemon INFO time="2024-05-13T21:53:03+03:00" level=info msg="Starting download" url="https://downloads.arduino.cc/libraries/github.com/arduino-libraries/Stepper-1.1.3.zip?query=depends"
2024-05-13 21:53:03 2024-05-13T18:53:03.918Z daemon INFO time="2024-05-13T21:53:03+03:00" level=info msg="Installing library" library=Stepper@1.1.3
2024-05-13 21:53:03 2024-05-13T18:53:03.921Z daemon INFO time="2024-05-13T21:53:03+03:00" level=info msg="Starting download" url="https://downloads.arduino.cc/libraries/github.com/arduino-libraries/Arduino_BuiltIn-1.0.0.zip?query=install-builtin"
2024-05-13 21:53:04 2024-05-13T18:53:04.207Z daemon INFO time="2024-05-13T21:53:04+03:00" level=info msg="Installing library" library=Arduino_BuiltIn@1.0.0
2024-05-13 21:53:04 2024-05-13T18:53:04.211Z daemon INFO time="2024-05-13T21:53:04+03:00" level=info msg="Starting download" url="https://downloads.arduino.cc/libraries/github.com/arduino-libraries/Ethernet-2.0.2.zip?query=depends"
2024-05-13 21:53:04 2024-05-13T18:53:04.627Z daemon INFO time="2024-05-13T21:53:04+03:00" level=info msg="Installing library" library=Ethernet@2.0.2
2024-05-13 21:53:04 2024-05-13T18:53:04.643Z daemon INFO time="2024-05-13T21:53:04+03:00" level=info msg="Starting download" url="https://downloads.arduino.cc/libraries/github.com/arduino-libraries/Keyboard-1.0.6.zip?query=depends"
2024-05-13 21:53:05 2024-05-13T18:53:05.186Z daemon INFO time="2024-05-13T21:53:05+03:00" level=info msg="Installing library" library=Keyboard@1.0.6
2024-05-13 21:53:05 2024-05-13T18:53:05.194Z daemon INFO time="2024-05-13T21:53:05+03:00" level=info msg="Starting download" url="https://downloads.arduino.cc/libraries/github.com/arduino-libraries/LiquidCrystal-1.0.7.zip?query=depends"
2024-05-13 21:53:05 2024-05-13T18:53:05.478Z daemon INFO time="2024-05-13T21:53:05+03:00" level=info msg="Installing library" library=LiquidCrystal@1.0.7
2024-05-13 21:53:05 2024-05-13T18:53:05.482Z daemon INFO time="2024-05-13T21:53:05+03:00" level=info msg="Starting download" url="https://downloads.arduino.cc/libraries/github.com/arduino-libraries/Servo-1.2.1.zip?query=depends"
2024-05-13 21:53:06 2024-05-13T18:53:06.154Z daemon INFO time="2024-05-13T21:53:06+03:00" level=info msg="Installing library" library=Servo@1.2.1
2024-05-13 21:53:06 2024-05-13T18:53:06.162Z daemon INFO time="2024-05-13T21:53:06+03:00" level=info msg="Starting download" url="https://downloads.arduino.cc/libraries/github.com/arduino-libraries/TFT-1.0.6.zip?query=depends"
2024-05-13 21:53:06 2024-05-13T18:53:06.831Z daemon INFO time="2024-05-13T21:53:06+03:00" level=info msg="Installing library" library=TFT@1.0.6
2024-05-13 21:53:06 2024-05-13T18:53:06.837Z daemon INFO time="2024-05-13T21:53:06+03:00" level=info msg="Starting download" url="https://downloads.arduino.cc/libraries/github.com/arduino-libraries/SD-1.2.4.zip?query=depends"
2024-05-13 21:53:07 2024-05-13T18:53:07.202Z daemon INFO time="2024-05-13T21:53:07+03:00" level=info msg="Installing library" library=SD@1.2.4
2024-05-13 21:53:07 2024-05-13T18:53:07.231Z daemon INFO time="2024-05-13T21:53:07+03:00" level=info msg="Checking signature" index=/home/vladimir/.arduino15/package_index.json signatureFile=/home/vladimir/.arduino15/package_index.json.sig trusted=true
2024-05-13 21:53:07 2024-05-13T18:53:07.234Z daemon INFO time="2024-05-13T21:53:07+03:00" level=info msg="Loading hardware from: /home/vladimir/.arduino15/packages"
2024-05-13 21:53:07 2024-05-13T18:53:07.235Z daemon INFO time="2024-05-13T21:53:07+03:00" level=info msg="Loading package arduino from: /home/vladimir/.arduino15/packages/arduino/hardware"
2024-05-13 21:53:07 2024-05-13T18:53:07.237Z daemon INFO time="2024-05-13T21:53:07+03:00" level=info msg="Missing signature file" index=/home/vladimir/.arduino15/packages/arduino/hardware/avr/1.8.6/installed.json
2024-05-13 21:53:07 2024-05-13T18:53:07.239Z daemon INFO time="2024-05-13T21:53:07+03:00" level=info msg="Adding monitor tool" protocol=serial tool="builtin:serial-monitor"
time="2024-05-13T21:53:07+03:00" level=info msg="Loaded platform" platform="arduino:avr@1.8.6"
time="2024-05-13T21:53:07+03:00" level=info msg="Checking existence of 'tools' path: /home/vladimir/.arduino15/packages/arduino/tools"
2024-05-13 21:53:07 2024-05-13T18:53:07.239Z daemon INFO time="2024-05-13T21:53:07+03:00" level=info msg="Loading tools from dir: /home/vladimir/.arduino15/packages/arduino/tools"
time="2024-05-13T21:53:07+03:00" level=info msg="Loaded tool" tool="arduino:arduinoOTA@1.3.0"
time="2024-05-13T21:53:07+03:00" level=info msg="Loaded tool" tool="arduino:avr-gcc@7.3.0-atmel3.6.1-arduino7"
2024-05-13 21:53:07 2024-05-13T18:53:07.239Z daemon INFO time="2024-05-13T21:53:07+03:00" level=info msg="Loaded tool" tool="arduino:avrdude@6.3.0-arduino17"
2024-05-13 21:53:07 2024-05-13T18:53:07.239Z daemon INFO time="2024-05-13T21:53:07+03:00" level=info msg="Loading package builtin from: /home/vladimir/.arduino15/packages/builtin"
2024-05-13 21:53:07 2024-05-13T18:53:07.239Z daemon INFO time="2024-05-13T21:53:07+03:00" level=info msg="Checking existence of 'tools' path: /home/vladimir/.arduino15/packages/builtin/tools"
time="2024-05-13T21:53:07+03:00" level=info msg="Loading tools from dir: /home/vladimir/.arduino15/packages/builtin/tools"
2024-05-13 21:53:07 2024-05-13T18:53:07.239Z daemon INFO time="2024-05-13T21:53:07+03:00" level=info msg="Loaded tool" tool="builtin:ctags@5.8-arduino11"
2024-05-13 21:53:07 2024-05-13T18:53:07.239Z daemon INFO time="2024-05-13T21:53:07+03:00" level=info msg="Loaded tool" tool="builtin:dfu-discovery@0.1.2"
time="2024-05-13T21:53:07+03:00" level=info msg="Loaded tool" tool="builtin:mdns-discovery@1.0.9"
2024-05-13 21:53:07 2024-05-13T18:53:07.239Z daemon INFO time="2024-05-13T21:53:07+03:00" level=info msg="Loaded tool" tool="builtin:serial-discovery@1.4.0"
2024-05-13 21:53:07 2024-05-13T18:53:07.239Z daemon INFO time="2024-05-13T21:53:07+03:00" level=info msg="Loaded tool" tool="builtin:serial-monitor@0.14.1"
2024-05-13 21:53:07 2024-05-13T18:53:07.239Z daemon INFO time="2024-05-13T21:53:07+03:00" level=info msg="sending command QUIT to discovery builtin:serial-discovery"
2024-05-13 21:53:07 2024-05-13T18:53:07.240Z daemon INFO time="2024-05-13T21:53:07+03:00" level=info msg="from discovery builtin:serial-discovery received message type: quit, message: OK"
2024-05-13 21:53:07 2024-05-13T18:53:07.240Z daemon INFO time="2024-05-13T21:53:07+03:00" level=info msg="killing discovery builtin:serial-discovery process"
2024-05-13 21:53:07 2024-05-13T18:53:07.240Z daemon INFO time="2024-05-13T21:53:07+03:00" level=info msg="Discovery event channel closed builtin:serial-discovery. Exiting goroutine."
2024-05-13 21:53:07 2024-05-13T18:53:07.240Z daemon INFO time="2024-05-13T21:53:07+03:00" level=info msg="killed discovery builtin:serial-discovery process"
time="2024-05-13T21:53:07+03:00" level=info msg="Closed and removed discovery builtin:serial-discovery"
time="2024-05-13T21:53:07+03:00" level=info msg="sending command QUIT to discovery builtin:mdns-discovery"
2024-05-13 21:53:07 2024-05-13T18:53:07.240Z daemon INFO time="2024-05-13T21:53:07+03:00" level=info msg="from discovery builtin:mdns-discovery received message type: quit, message: OK"
2024-05-13 21:53:07 2024-05-13T18:53:07.241Z daemon INFO time="2024-05-13T21:53:07+03:00" level=info msg="killing discovery builtin:mdns-discovery process"
2024-05-13 21:53:07 2024-05-13T18:53:07.241Z daemon INFO time="2024-05-13T21:53:07+03:00" level=info msg="Discovery event channel closed builtin:mdns-discovery. Exiting goroutine."
2024-05-13 21:53:07 2024-05-13T18:53:07.241Z daemon INFO time="2024-05-13T21:53:07+03:00" level=info msg="killed discovery builtin:mdns-discovery process"
time="2024-05-13T21:53:07+03:00" level=info msg="Closed and removed discovery builtin:mdns-discovery"
2024-05-13 21:53:07 2024-05-13T18:53:07.241Z daemon INFO time="2024-05-13T21:53:07+03:00" level=info msg="starting discovery builtin:serial-discovery process"
2024-05-13 21:53:07 2024-05-13T18:53:07.242Z daemon INFO time="2024-05-13T21:53:07+03:00" level=info msg="started discovery builtin:serial-discovery process"
time="2024-05-13T21:53:07+03:00" level=info msg="sending command HELLO 1 \"arduino-cli 0.35.3\" to discovery builtin:serial-discovery"
2024-05-13 21:53:07 2024-05-13T18:53:07.244Z daemon INFO time="2024-05-13T21:53:07+03:00" level=info msg="from discovery builtin:serial-discovery received message type: hello, message: OK, protocol version: 1"
time="2024-05-13T21:53:07+03:00" level=info msg="sending command START_SYNC to discovery builtin:serial-discovery"
2024-05-13 21:53:07 2024-05-13T18:53:07.246Z daemon INFO time="2024-05-13T21:53:07+03:00" level=info msg="from discovery builtin:serial-discovery received message type: start_sync, message: OK"
2024-05-13 21:53:07 2024-05-13T18:53:07.246Z daemon INFO time="2024-05-13T21:53:07+03:00" level=info msg="starting discovery builtin:mdns-discovery process"
2024-05-13 21:53:07 2024-05-13T18:53:07.247Z daemon INFO time="2024-05-13T21:53:07+03:00" level=info msg="started discovery builtin:mdns-discovery process"
time="2024-05-13T21:53:07+03:00" level=info msg="sending command HELLO 1 \"arduino-cli 0.35.3\" to discovery builtin:mdns-discovery"
2024-05-13 21:53:07 2024-05-13T18:53:07.247Z daemon INFO time="2024-05-13T21:53:07+03:00" level=info msg="from discovery builtin:serial-discovery received message type: add, port: /dev/ttyACM0"
2024-05-13 21:53:07 2024-05-13T18:53:07.250Z daemon INFO time="2024-05-13T21:53:07+03:00" level=info msg="from discovery builtin:mdns-discovery received message type: hello, message: OK, protocol version: 1"
time="2024-05-13T21:53:07+03:00" level=info msg="sending command START_SYNC to discovery builtin:mdns-discovery"
2024-05-13 21:53:07 2024-05-13T18:53:07.251Z daemon INFO time="2024-05-13T21:53:07+03:00" level=info msg="from discovery builtin:mdns-discovery received message type: start_sync, message: OK"
2024-05-13 21:53:07 2024-05-13T18:53:07.252Z daemon INFO time="2024-05-13T21:53:07+03:00" level=info msg="Adding libraries dir" dir=/home/vladimir/.arduino15/packages/arduino/hardware/avr/1.8.6/libraries location=platform
time="2024-05-13T21:53:07+03:00" level=info msg="Loading libraries index file" index=/home/vladimir/.arduino15/library_index.json
2024-05-13 21:53:07 2024-05-13T18:53:07.533Z daemon INFO time="2024-05-13T21:53:07+03:00" level=info msg="Adding libraries dir" dir=/home/vladimir/.arduino15/libraries location=ide
time="2024-05-13T21:53:07+03:00" level=info msg="Adding libraries dir" dir=/home/vladimir/Arduino/libraries location=user
2024-05-13 21:53:07 2024-05-13T18:53:07.543Z discovery-log INFO start
2024-05-13 21:53:07 2024-05-13T18:53:07.543Z discovery-log INFO start new deferred
2024-05-13 21:53:07 2024-05-13T18:53:07.543Z discovery-log INFO start resolved watching
2024-05-13 21:53:07 2024-05-13T18:53:07.547Z discovery-log INFO {"eventType":"add","port":{"matchingBoardsList":[{"name":"Arduino Uno","fqbn":"arduino:avr:uno","isHidden":false}],"port":{"address":"/dev/ttyACM0","label":"/dev/ttyACM0","protocol":"serial","protocolLabel":"Serial Port (USB)","propertiesMap":[["pid","0x0043"],["serialNumber","24238313136351711132"],["vid","0x2341"]],"hardwareId":"24238313136351711132"}},"error":""}
2024-05-13 21:53:07 2024-05-13T18:53:07.648Z root WARN Detected a new port that has been already discovered. The old value will be overridden. Old value: {"port":{"address":"/dev/ttyACM0","addressLabel":"/dev/ttyACM0","protocol":"serial","protocolLabel":"Serial Port (USB)","properties":{"pid":"0x0043","serialNumber":"24238313136351711132","vid":"0x2341"},"hardwareId":"24238313136351711132"},"boards":[{"fqbn":"arduino:avr:uno","name":"Arduino Uno"}]}, new value: {"boards":[{"fqbn":"arduino:avr:uno","name":"Arduino Uno"}],"port":{"address":"/dev/ttyACM0","addressLabel":"/dev/ttyACM0","protocol":"serial","protocolLabel":"Serial Port (USB)","properties":{"pid":"0x0043","serialNumber":"24238313136351711132","vid":"0x2341"},"hardwareId":"24238313136351711132"}}
2024-05-13 21:53:08 2024-05-13T18:53:08.099Z root ERROR ---- !!!SLOW!!! DURATION: search took 555.939 ms. Args: [{}] ----
2024-05-13 21:53:08 2024-05-13T18:53:08.099Z root INFO <<< Library package installation done. {
  name: 'Arduino_BuiltIn',
  exampleUris: [],
  location: 0,
  installedVersion: undefined,
  author: 'Arduino',
  availableVersions: [ '1.0.0' ],
  includes: [],
  description: 'The sole purpose of this library is to install the standard Arduino libraries which are typically included with the Arduino IDE.',
  moreInfoLink: 'https://github.com/arduino-libraries/Arduino_BuiltIn',
  summary: 'Shell Arduino library to provide the standard built-in libraries',
  category: 'Other',
  types: [ 'Arduino' ],
  index: 0
}
2024-05-13 22:00:04 2024-05-13T19:00:04.267Z root ERROR Failed to get debug config: arduino:avr:uno, undefined Error: Debugging is not supported.
    at Object.callback (/opt/arduino-ide/resources/app/lib/backend/main.js:2:81196)
    at Object.onReceiveStatus (/opt/arduino-ide/resources/app/lib/backend/main.js:2:788562)
    at Object.onReceiveStatus (/opt/arduino-ide/resources/app/lib/backend/main.js:2:784513)
    at Object.onReceiveStatus (/opt/arduino-ide/resources/app/lib/backend/main.js:2:783958)
    at /opt/arduino-ide/resources/app/lib/backend/main.js:2:870080
    at process.processTicksAndRejections (node:internal/process/task_queues:77:11)
2024-05-13 22:00:04 2024-05-13T19:00:04.267Z root ERROR Request checkDebugEnabled failed with error: Debugging is not supported. Error: Debugging is not supported.
    at Object.callback (/opt/arduino-ide/resources/app/lib/backend/main.js:2:81196)
    at Object.onReceiveStatus (/opt/arduino-ide/resources/app/lib/backend/main.js:2:788562)
    at Object.onReceiveStatus (/opt/arduino-ide/resources/app/lib/backend/main.js:2:784513)
    at Object.onReceiveStatus (/opt/arduino-ide/resources/app/lib/backend/main.js:2:783958)
    at /opt/arduino-ide/resources/app/lib/backend/main.js:2:870080
    at process.processTicksAndRejections (node:internal/process/task_queues:77:11)
2024-05-13 22:00:04 2024-05-13T19:00:04.267Z daemon INFO time="2024-05-13T22:00:04+03:00" level=info msg="Tool required for debug" tool="arduino:arduinoOTA@1.3.0"
time="2024-05-13T22:00:04+03:00" level=info msg="Tool required for debug" tool="arduino:avr-gcc@7.3.0-atmel3.6.1-arduino7"
time="2024-05-13T22:00:04+03:00" level=info msg="Tool required for debug" tool="arduino:avrdude@6.3.0-arduino17"
time="2024-05-13T22:00:04+03:00" level=info msg="Tool required for debug" tool="builtin:serial-discovery@1.4.0"
time="2024-05-13T22:00:04+03:00" level=info msg="Tool required for debug" tool="builtin:serial-monitor@0.14.1"
time="2024-05-13T22:00:04+03:00" level=info msg="Tool required for debug" tool="builtin:ctags@5.8-arduino11"
time="2024-05-13T22:00:04+03:00" level=info msg="Tool required for debug" tool="builtin:dfu-discovery@0.1.2"
time="2024-05-13T22:00:04+03:00" level=info msg="Tool required for debug" tool="builtin:mdns-discovery@1.0.9"
2024-05-13 22:00:04 2024-05-13T19:00:04.288Z root INFO Starting language server: arduino:avr:uno
2024-05-13 22:00:04 2024-05-13T19:00:04.335Z root INFO [hosted-plugin: 14785] PLUGIN_HOST(14785): PluginManagerExtImpl/loadPlugin(/opt/arduino-ide/resources/app/plugins/vscode-arduino-tools/extension/dist/extension.js)
2024-05-13 22:00:04 2024-05-13T19:00:04.375Z root INFO [hosted-plugin: 14785] calling activation function on VS Code Arduino Tools
2024-05-13 22:00:04 2024-05-13T19:00:04.448Z daemon INFO time="2024-05-13T22:00:04+03:00" level=info msg="Adding libraries dir" dir=/home/vladimir/.arduino15/libraries location=ide
time="2024-05-13T22:00:04+03:00" level=info msg="Adding libraries dir" dir=/home/vladimir/.arduino15/packages/arduino/hardware/avr/1.8.6/libraries location=platform
2024-05-13 22:00:04 2024-05-13T19:00:04.448Z daemon INFO time="2024-05-13T22:00:04+03:00" level=info msg="Adding libraries dir" dir=/home/vladimir/Arduino/libraries location=user
2024-05-13 22:00:04 2024-05-13T19:00:04.668Z daemon INFO time="2024-05-13T22:00:04+03:00" level=info msg="Adding libraries dir" dir=/home/vladimir/.arduino15/libraries location=ide
time="2024-05-13T22:00:04+03:00" level=info msg="Adding libraries dir" dir=/home/vladimir/.arduino15/packages/arduino/hardware/avr/1.8.6/libraries location=platform
time="2024-05-13T22:00:04+03:00" level=info msg="Adding libraries dir" dir=/home/vladimir/Arduino/libraries location=user
2024-05-13 22:00:05 2024-05-13T19:00:05.724Z daemon INFO time="2024-05-13T22:00:05+03:00" level=info msg="Adding libraries dir" dir=/home/vladimir/.arduino15/libraries location=ide
time="2024-05-13T22:00:05+03:00" level=info msg="Adding libraries dir" dir=/home/vladimir/.arduino15/packages/arduino/hardware/avr/1.8.6/libraries location=platform
time="2024-05-13T22:00:05+03:00" level=info msg="Adding libraries dir" dir=/home/vladimir/Arduino/libraries location=user
2024-05-13 22:00:06 2024-05-13T19:00:06.636Z root INFO Executing 'arduino.languageserver.notifyBuildDidComplete' with "file:///tmp/arduino/sketches/300E865ED64FEEBBC87495E2377FAFFE"
2024-05-13 22:00:06 2024-05-13T19:00:06.696Z daemon INFO time="2024-05-13T22:00:06+03:00" level=error msg="Upload port detection failed, watcher closed" task=port_detection
2024-05-13 22:00:06 2024-05-13T19:00:06.724Z daemon INFO time="2024-05-13T22:00:06+03:00" level=info msg="Tool required for debug" tool="arduino:arduinoOTA@1.3.0"
time="2024-05-13T22:00:06+03:00" level=info msg="Tool required for debug" tool="arduino:avr-gcc@7.3.0-atmel3.6.1-arduino7"
time="2024-05-13T22:00:06+03:00" level=info msg="Tool required for debug" tool="arduino:avrdude@6.3.0-arduino17"
2024-05-13 22:00:06 2024-05-13T19:00:06.725Z daemon INFO time="2024-05-13T22:00:06+03:00" level=info msg="Tool required for debug" tool="builtin:ctags@5.8-arduino11"
time="2024-05-13T22:00:06+03:00" level=info msg="Tool required for debug" tool="builtin:dfu-discovery@0.1.2"
time="2024-05-13T22:00:06+03:00" level=info msg="Tool required for debug" tool="builtin:mdns-discovery@1.0.9"
time="2024-05-13T22:00:06+03:00" level=info msg="Tool required for debug" tool="builtin:serial-discovery@1.4.0"
time="2024-05-13T22:00:06+03:00" level=info msg="Tool required for debug" tool="builtin:serial-monitor@0.14.1"
2024-05-13 22:00:06 2024-05-13T19:00:06.727Z root ERROR Failed to get debug config: arduino:avr:uno, undefined Error: Debugging is not supported.
    at Object.callback (/opt/arduino-ide/resources/app/lib/backend/main.js:2:81196)
    at Object.onReceiveStatus (/opt/arduino-ide/resources/app/lib/backend/main.js:2:788562)
    at Object.onReceiveStatus (/opt/arduino-ide/resources/app/lib/backend/main.js:2:784513)
    at Object.onReceiveStatus (/opt/arduino-ide/resources/app/lib/backend/main.js:2:783958)
    at /opt/arduino-ide/resources/app/lib/backend/main.js:2:870080
    at process.processTicksAndRejections (node:internal/process/task_queues:77:11)
2024-05-13 22:00:06 2024-05-13T19:00:06.727Z root ERROR Request checkDebugEnabled failed with error: Debugging is not supported. Error: Debugging is not supported.
    at Object.callback (/opt/arduino-ide/resources/app/lib/backend/main.js:2:81196)
    at Object.onReceiveStatus (/opt/arduino-ide/resources/app/lib/backend/main.js:2:788562)
    at Object.onReceiveStatus (/opt/arduino-ide/resources/app/lib/backend/main.js:2:784513)
    at Object.onReceiveStatus (/opt/arduino-ide/resources/app/lib/backend/main.js:2:783958)
    at /opt/arduino-ide/resources/app/lib/backend/main.js:2:870080
    at process.processTicksAndRejections (node:internal/process/task_queues:77:11)
2024-05-13 22:00:07 2024-05-13T19:00:07.680Z daemon INFO time="2024-05-13T22:00:07+03:00" level=info msg="Adding libraries dir" dir=/home/vladimir/.arduino15/libraries location=ide
time="2024-05-13T22:00:07+03:00" level=info msg="Adding libraries dir" dir=/home/vladimir/.arduino15/packages/arduino/hardware/avr/1.8.6/libraries location=platform
2024-05-13 22:00:07 2024-05-13T19:00:07.680Z daemon INFO time="2024-05-13T22:00:07+03:00" level=info msg="Adding libraries dir" dir=/home/vladimir/Arduino/libraries location=user
2024-05-13 22:00:15 isTempSketch: true. Input was /tmp/.arduinoIDE-unsaved2024413-14567-1yl8jse.7iyn/sketch_may13a
2024-05-13 22:00:15 Ignored marking workspace as a closed sketch. The sketch was detected as temporary. Workspace URI: file:///tmp/.arduinoIDE-unsaved2024413-14567-1yl8jse.7iyn/sketch_may13a.
2024-05-13 22:00:18 isTempSketch: true. Input was /tmp/.arduinoIDE-unsaved2024413-14567-1yl8jse.7iyn/sketch_may13a
2024-05-13 22:00:18 Ignored marking workspace as a closed sketch. The sketch was detected as temporary. Workspace URI: file:///tmp/.arduinoIDE-unsaved2024413-14567-1yl8jse.7iyn/sketch_may13a.
2024-05-13 22:00:21 isTempSketch: true. Input was /tmp/.arduinoIDE-unsaved2024413-14567-1yl8jse.7iyn/sketch_may13a
2024-05-13 22:00:21 Ignored marking workspace as a closed sketch. The sketch was detected as temporary. Workspace URI: file:///tmp/.arduinoIDE-unsaved2024413-14567-1yl8jse.7iyn/sketch_may13a.
2024-05-13 22:00:22 isTempSketch: true. Input was /tmp/.arduinoIDE-unsaved2024413-14567-1yl8jse.7iyn/sketch_may13a
2024-05-13 22:00:22 Ignored marking workspace as a closed sketch. The sketch was detected as temporary. Workspace URI: file:///tmp/.arduinoIDE-unsaved2024413-14567-1yl8jse.7iyn/sketch_may13a.
2024-05-13 22:00:22 Closing channel on service path '/services/electron-window'.
2024-05-13 22:00:22 Closing channel on service path '/services/ide-updater'.
2024-05-13 22:00:22 Stored workspaces roots: 
2024-05-13 22:00:22 No sketches were scheduled for deletion.
